<?xml version="1.0" encoding="UTF-8"?>
<!-- Generated by org.testng.reporters.JUnitXMLReporter -->
<testsuite hostname="CAVICSRGXFTVT2" ignored="0" name="Test" tests="1" failures="0" timestamp="20 Sep 2019 19:44:25 GMT" time="0.141" errors="0">
  <testcase name="@BeforeClass jdbc" time="0.121" classname="CTD_Cliemrg.clientmrg">
    <skipped/>
  </testcase> <!-- @BeforeClass jdbc -->
  <testcase name="@AfterClass jdbcclose" time="0.0" classname="CTD_Cliemrg.clientmrg">
    <skipped/>
  </testcase> <!-- @AfterClass jdbcclose -->
  <testcase name="webdriver" time="0.0" classname="CTD_Cliemrg.clientmrg">
    <skipped/>
  </testcase> <!-- webdriver -->
</testsuite> <!-- Test -->
