<?xml version="1.0" encoding="UTF-8"?>
<!-- Generated by org.testng.reporters.JUnitXMLReporter -->
<testsuite hostname="CAVICSRGXFTVT2" ignored="0" name="Test" tests="1" failures="1" timestamp="25 Nov 2019 19:27:52 GMT" time="148.703" errors="0">
  <testcase name="dynamicstocornet" time="147.327" classname="DTC_clientlogs.cl">
    <failure type="java.lang.AssertionError" message="expected [true] but found [false]">
      <![CDATA[java.lang.AssertionError: expected [true] but found [false]
at DTC_clientlogs.cl.dynamicstocornet(cl.java:117)
... Removed 29 stack frames]]>
    </failure>
  </testcase> <!-- dynamicstocornet -->
</testsuite> <!-- Test -->
